<?xml version="1.0" encoding="UTF-8"?>
<!-- Generated by org.testng.reporters.JUnitReportReporter -->
<testsuite hostname="DESKTOP-R88S7GM" failures="0" tests="1" name="run.jenkins.trialProject.TestTrial" time="5.008" errors="0" timestamp="2021-11-29T21:13:11 PST" skipped="0">
  <testcase classname="run.jenkins.trialProject.TestTrial" name="validateTestName" time="5.008"/>
</testsuite> <!-- run.jenkins.trialProject.TestTrial -->
