<?xml version="1.0" encoding="UTF-8"?>
<!-- Generated by org.testng.reporters.JUnitReportReporter -->
<testsuite hostname="DESKTOP-R88S7GM" failures="0" tests="1" name="run.jenkins.trialProject.TestTrial" time="2.701" errors="0" timestamp="2021-10-28T23:14:49 PDT" skipped="0">
  <testcase classname="run.jenkins.trialProject.TestTrial" name="validateTestName" time="2.701"/>
</testsuite> <!-- run.jenkins.trialProject.TestTrial -->
