<?xml version="1.0" encoding="UTF-8"?>
<!-- Generated by org.testng.reporters.JUnitReportReporter -->
<testsuite hostname="DESKTOP-R88S7GM" failures="0" tests="1" name="run.jenkins.trialProject.TestTrial2" time="5.836" errors="0" timestamp="30 Nov 2021 05:57:54 GMT" skipped="0">
  <testcase classname="run.jenkins.trialProject.TestTrial2" name="validate" time="5.836"/>
</testsuite> <!-- run.jenkins.trialProject.TestTrial2 -->
